<?xml version="1.0" encoding="UTF-8"?>
<testng-results skipped="0" failed="0" ignored="0" total="1" passed="1">
  <reporter-output>
  </reporter-output>
  <suite name="Default suite" duration-ms="103525" started-at="2022-07-04T17:12:55 IST" finished-at="2022-07-04T17:14:39 IST">
    <groups>
    </groups>
    <test name="Default test" duration-ms="103525" started-at="2022-07-04T17:12:55 IST" finished-at="2022-07-04T17:14:39 IST">
      <class name="testcases.SiasManualReportMaintenanceTestCase">
        <test-method status="PASS" signature="launchApplication()[pri:0, instance:testcases.SiasManualReportMaintenanceTestCase@17211155]" name="launchApplication" is-config="true" duration-ms="16971" started-at="2022-07-04T17:12:55 IST" finished-at="2022-07-04T17:13:12 IST">
          <reporter-output>
          </reporter-output>
        </test-method> <!-- launchApplication -->
        <test-method status="PASS" signature="runManualReportMaintenance()[pri:0, instance:testcases.SiasManualReportMaintenanceTestCase@17211155]" name="runManualReportMaintenance" duration-ms="82274" started-at="2022-07-04T17:13:12 IST" finished-at="2022-07-04T17:14:34 IST">
          <reporter-output>
          </reporter-output>
        </test-method> <!-- runManualReportMaintenance -->
        <test-method status="PASS" signature="closeBrowser()[pri:0, instance:testcases.SiasManualReportMaintenanceTestCase@17211155]" name="closeBrowser" is-config="true" duration-ms="4217" started-at="2022-07-04T17:14:34 IST" finished-at="2022-07-04T17:14:39 IST">
          <reporter-output>
          </reporter-output>
        </test-method> <!-- closeBrowser -->
      </class> <!-- testcases.SiasManualReportMaintenanceTestCase -->
    </test> <!-- Default test -->
  </suite> <!-- Default suite -->
</testng-results>
